<?xml version="1.0" encoding="UTF-8"?>
<!-- Generated by org.testng.reporters.JUnitReportReporter -->
<testsuite skipped="0" hostname="LAPTOP-TP27IF2R" name="NewTest" tests="1" failures="0" timestamp="2020-02-27T18:28:44 PST" time="0.011" errors="0">
  <testcase name="f" time="0.011" classname="NewTest"/>
  <system-out/>
</testsuite> <!-- NewTest -->
