<?xml version="1.0" encoding="UTF-8"?>
<!-- Generated by org.testng.reporters.JUnitReportReporter -->
<testsuite skipped="0" hostname="LAPTOP-TP27IF2R" name="NewTest" tests="1" failures="0" timestamp="2020-02-29T09:57:52 PST" time="0.270" errors="0">
  <testcase name="canClickLuckyButton" time="0.270" classname="NewTest"/>
  <system-out/>
</testsuite> <!-- NewTest -->
